Сборка начата 26.12.2024 11:41:41.
Уровень детализации журнала: Normal.     1>Проект "D:\course_2\study(3sem)\AiCD\lab\lab_10\lab_10\lab_10.vcxproj" в узле 2 (целевые объекты Build).
     1>InitializeBuildStatus:
         Создание "x64\Debug\lab_10.tlog\unsuccessfulbuild", так как было задано "AlwaysCreate".
         Обращение к "x64\Debug\lab_10.tlog\unsuccessfulbuild".
       ClCompile:
         C:\Program Files\Microsoft Visual Studio\2022\Community\VC\Tools\MSVC\14.37.32822\bin\HostX64\x64\CL.exe /c /ZI /JMC /nologo /W3 /WX- /diagnostics:column /sdl /Od /D _DEBUG /D _CONSOLE /D _UNICODE /D UNICODE /Gm- /EHsc /RTC1 /MDd /GS /fp:precise /Zc:wchar_t /Zc:forScope /Zc:inline /permissive- /Fo"x64\Debug\\" /Fd"x64\Debug\vc143.pdb" /external:W3 /Gd /TP /FC /errorReport:prompt lab_10.cpp
         lab_10.cpp
     1>D:\course_2\study(3sem)\AiCD\lab\lab_10\lab_10\lab_10.cpp(69,15): warning C4244: аргумент: преобразование "time_t" в "unsigned int", возможна потеря данных
     1>D:\course_2\study(3sem)\AiCD\lab\lab_10\lab_10\lab_10.cpp(104,15): warning C4244: аргумент: преобразование "time_t" в "unsigned int", возможна потеря данных
     1>D:\course_2\study(3sem)\AiCD\lab\lab_10\lab_10\lab_10.cpp(163,23): warning C4267: аргумент: преобразование из "size_t" в "_Ty"; возможна потеря данных
                 with
                 [
                     _Ty=int
                 ]
     1>D:\course_2\study(3sem)\AiCD\lab\lab_10\lab_10\lab_10.cpp(175,35): warning C4267: аргумент: преобразование из "size_t" в "_Ty"; возможна потеря данных
                 with
                 [
                     _Ty=int
                 ]
     1>D:\course_2\study(3sem)\AiCD\lab\lab_10\lab_10\lab_10.cpp(185,31): warning C4267: аргумент: преобразование из "size_t" в "_Ty"; возможна потеря данных
                 with
                 [
                     _Ty=int
                 ]
       Link:
         C:\Program Files\Microsoft Visual Studio\2022\Community\VC\Tools\MSVC\14.37.32822\bin\HostX64\x64\link.exe /ERRORREPORT:PROMPT /OUT:"D:\course_2\study(3sem)\AiCD\lab\lab_10\x64\Debug\lab_10.exe" /INCREMENTAL /ILK:"x64\Debug\lab_10.ilk" /NOLOGO kernel32.lib user32.lib gdi32.lib winspool.lib comdlg32.lib advapi32.lib shell32.lib ole32.lib oleaut32.lib uuid.lib odbc32.lib odbccp32.lib /MANIFEST /MANIFESTUAC:"level='asInvoker' uiAccess='false'" /manifest:embed /DEBUG /PDB:"D:\course_2\study(3sem)\AiCD\lab\lab_10\x64\Debug\lab_10.pdb" /SUBSYSTEM:CONSOLE /TLBID:1 /DYNAMICBASE /NXCOMPAT /IMPLIB:"D:\course_2\study(3sem)\AiCD\lab\lab_10\x64\Debug\lab_10.lib" /MACHINE:X64 x64\Debug\lab_10.obj
         lab_10.vcxproj -> D:\course_2\study(3sem)\AiCD\lab\lab_10\x64\Debug\lab_10.exe
       FinalizeBuildStatus:
         Файл "x64\Debug\lab_10.tlog\unsuccessfulbuild" удаляется.
         Обращение к "x64\Debug\lab_10.tlog\lab_10.lastbuildstate".
     1>Сборка проекта "D:\course_2\study(3sem)\AiCD\lab\lab_10\lab_10\lab_10.vcxproj" завершена (целевые объекты Build).

Сборка успешно завершена.

       "D:\course_2\study(3sem)\AiCD\lab\lab_10\lab_10\lab_10.vcxproj" (целевой объект Build ) (1) ->
       (Целевой объект ClCompile) -> 
         D:\course_2\study(3sem)\AiCD\lab\lab_10\lab_10\lab_10.cpp(69,15): warning C4244: аргумент: преобразование "time_t" в "unsigned int", возможна потеря данных
         D:\course_2\study(3sem)\AiCD\lab\lab_10\lab_10\lab_10.cpp(104,15): warning C4244: аргумент: преобразование "time_t" в "unsigned int", возможна потеря данных
         D:\course_2\study(3sem)\AiCD\lab\lab_10\lab_10\lab_10.cpp(163,23): warning C4267: аргумент: преобразование из "size_t" в "_Ty"; возможна потеря данных
         D:\course_2\study(3sem)\AiCD\lab\lab_10\lab_10\lab_10.cpp(175,35): warning C4267: аргумент: преобразование из "size_t" в "_Ty"; возможна потеря данных
         D:\course_2\study(3sem)\AiCD\lab\lab_10\lab_10\lab_10.cpp(185,31): warning C4267: аргумент: преобразование из "size_t" в "_Ty"; возможна потеря данных

    Предупреждений: 5
    Ошибок: 0

Прошло времени 00:00:01.01
