Сборка начата 26.02.2025 11:13:47.
Уровень детализации журнала: Normal.     1>Проект "D:\curs_2\study_4_sem\МП\lab\lab_2\task3\task3.vcxproj" в узле 2 (целевые объекты Build).
     1>PrepareForBuild:
         Создание каталога "x64\Debug\task3.tlog\".
       InitializeBuildStatus:
         Создание "x64\Debug\task3.tlog\unsuccessfulbuild", так как было задано "AlwaysCreate".
         Обращение к "x64\Debug\task3.tlog\unsuccessfulbuild".
       ClCompile:
         C:\Program Files\Microsoft Visual Studio\2022\Community\VC\Tools\MSVC\14.37.32822\bin\HostX64\x64\CL.exe /c /ZI /JMC /nologo /W3 /WX- /diagnostics:column /sdl /Od /D _DEBUG /D _CONSOLE /D _UNICODE /D UNICODE /Gm- /EHsc /RTC1 /MDd /GS /fp:precise /Zc:wchar_t /Zc:forScope /Zc:inline /permissive- /Fo"x64\Debug\\" /Fd"x64\Debug\vc143.pdb" /external:W3 /Gd /TP /FC /errorReport:prompt Auxil.cpp Combi.cpp main.cpp Salesman.cpp
         Auxil.cpp
         Combi.cpp
         main.cpp
         Salesman.cpp
     1>D:\curs_2\study_4_sem\МП\lab\lab_2\task3\Salesman.cpp(38,11): warning C4244: инициализация: преобразование "__int64" в "int", возможна потеря данных
     1>D:\curs_2\study_4_sem\МП\lab\lab_2\task3\Salesman.cpp(45,22): warning C4244: =: преобразование "__int64" в "int", возможна потеря данных
         Создание кода...
       Link:
         C:\Program Files\Microsoft Visual Studio\2022\Community\VC\Tools\MSVC\14.37.32822\bin\HostX64\x64\link.exe /ERRORREPORT:PROMPT /OUT:"D:\curs_2\study_4_sem\МП\lab\lab_2\x64\Debug\task3.exe" /INCREMENTAL /ILK:"x64\Debug\task3.ilk" /NOLOGO kernel32.lib user32.lib gdi32.lib winspool.lib comdlg32.lib advapi32.lib shell32.lib ole32.lib oleaut32.lib uuid.lib odbc32.lib odbccp32.lib /MANIFEST /MANIFESTUAC:"level='asInvoker' uiAccess='false'" /manifest:embed /DEBUG /PDB:"D:\curs_2\study_4_sem\МП\lab\lab_2\x64\Debug\task3.pdb" /SUBSYSTEM:CONSOLE /TLBID:1 /DYNAMICBASE /NXCOMPAT /IMPLIB:"D:\curs_2\study_4_sem\МП\lab\lab_2\x64\Debug\task3.lib" /MACHINE:X64 x64\Debug\Auxil.obj
         x64\Debug\Combi.obj
         x64\Debug\main.obj
         x64\Debug\Salesman.obj
         task3.vcxproj -> D:\curs_2\study_4_sem\МП\lab\lab_2\x64\Debug\task3.exe
       FinalizeBuildStatus:
         Файл "x64\Debug\task3.tlog\unsuccessfulbuild" удаляется.
         Обращение к "x64\Debug\task3.tlog\task3.lastbuildstate".
     1>Сборка проекта "D:\curs_2\study_4_sem\МП\lab\lab_2\task3\task3.vcxproj" завершена (целевые объекты Build).

Сборка успешно завершена.

       "D:\curs_2\study_4_sem\МП\lab\lab_2\task3\task3.vcxproj" (целевой объект Build ) (1) ->
       (Целевой объект ClCompile) -> 
         D:\curs_2\study_4_sem\МП\lab\lab_2\task3\Salesman.cpp(38,11): warning C4244: инициализация: преобразование "__int64" в "int", возможна потеря данных
         D:\curs_2\study_4_sem\МП\lab\lab_2\task3\Salesman.cpp(45,22): warning C4244: =: преобразование "__int64" в "int", возможна потеря данных

    Предупреждений: 2
    Ошибок: 0

Прошло времени 00:00:01.80
