Сборка начата 10.12.2024 15:03:57.
Уровень детализации журнала: Normal.     1>Проект "D:\study(3sem)\KPO\lab\asm_1\SE_Asm01\SE_Asm01\SE_Asm01.vcxproj" в узле 2 (целевые объекты Build).
     1>InitializeBuildStatus:
         Создание "Debug\SE_Asm01.tlog\unsuccessfulbuild", так как было задано "AlwaysCreate".
         Обращение к "Debug\SE_Asm01.tlog\unsuccessfulbuild".
       _MASM:
         Assembling asm01.asm...
         cmd.exe /C "C:\Users\Dashka Poop\AppData\Local\Temp\tmp2efc0250d9f6401ab431e8ff9269fd2e.cmd"
         ml.exe /c /nologo /Zi /Fo"Debug\asm01.obj" /Fl"Debug\\" /W3 /errorReport:prompt  /Taasm01.asm
       Link:
         C:\Program Files\Microsoft Visual Studio\2022\Community\VC\Tools\MSVC\14.37.32822\bin\HostX86\x86\link.exe /ERRORREPORT:PROMPT /OUT:"D:\study(3sem)\KPO\lab\asm_1\SE_Asm01\Debug\SE_Asm01.exe" /INCREMENTAL /ILK:"Debug\SE_Asm01.ilk" /NOLOGO kernel32.lib user32.lib gdi32.lib winspool.lib comdlg32.lib advapi32.lib shell32.lib ole32.lib oleaut32.lib uuid.lib odbc32.lib odbccp32.lib /MANIFEST /MANIFESTUAC:"level='asInvoker' uiAccess='false'" /manifest:embed /DEBUG /PDB:"D:\study(3sem)\KPO\lab\asm_1\SE_Asm01\Debug\SE_Asm01.pdb" /SUBSYSTEM:WINDOWS /TLBID:1 /DYNAMICBASE /NXCOMPAT /IMPLIB:"D:\study(3sem)\KPO\lab\asm_1\SE_Asm01\Debug\SE_Asm01.lib" /MACHINE:X86 Debug\asm01.obj
         SE_Asm01.vcxproj -> D:\study(3sem)\KPO\lab\asm_1\SE_Asm01\Debug\SE_Asm01.exe
       FinalizeBuildStatus:
         Файл "Debug\SE_Asm01.tlog\unsuccessfulbuild" удаляется.
         Обращение к "Debug\SE_Asm01.tlog\SE_Asm01.lastbuildstate".
     1>Сборка проекта "D:\study(3sem)\KPO\lab\asm_1\SE_Asm01\SE_Asm01\SE_Asm01.vcxproj" завершена (целевые объекты Build).

Сборка успешно завершена.
    Предупреждений: 0
    Ошибок: 0

Прошло времени 00:00:01.06
