Сборка начата 17.09.2024 16:30:42.
Уровень детализации журнала: Normal.     1>Проект "D:\study(3sem)\KPO\lab\lab_15\SE_lab15\SE_lab15\SE_lab15.vcxproj" в узле 2 (целевые объекты Build).
     1>InitializeBuildStatus:
         Создание "x64\Debug\SE_lab15.tlog\unsuccessfulbuild", так как было задано "AlwaysCreate".
         Обращение к "x64\Debug\SE_lab15.tlog\unsuccessfulbuild".
       ClCompile:
         C:\Program Files\Microsoft Visual Studio\2022\Community\VC\Tools\MSVC\14.37.32822\bin\HostX64\x64\CL.exe /c /ZI /JMC /nologo /W3 /WX- /diagnostics:column /sdl /Od /D _DEBUG /D _CONSOLE /D _UNICODE /D UNICODE /Gm- /EHsc /RTC1 /MDd /GS /fp:precise /Zc:wchar_t /Zc:forScope /Zc:inline /permissive- /Fo"x64\Debug\\" /Fd"x64\Debug\vc143.pdb" /external:W3 /Gd /TP /FC /errorReport:prompt Error.cpp In.cpp Log.cpp Out.cpp Parm.cpp SE_lab15.cpp stdafx.cpp
         Error.cpp
         In.cpp
         Log.cpp
         Out.cpp
         Parm.cpp
         SE_lab15.cpp
         stdafx.cpp
         Создание кода...
       Link:
         C:\Program Files\Microsoft Visual Studio\2022\Community\VC\Tools\MSVC\14.37.32822\bin\HostX64\x64\link.exe /ERRORREPORT:PROMPT /OUT:"D:\study(3sem)\KPO\lab\lab_15\SE_lab15\x64\Debug\SE_lab15.exe" /INCREMENTAL /ILK:"x64\Debug\SE_lab15.ilk" /NOLOGO kernel32.lib user32.lib gdi32.lib winspool.lib comdlg32.lib advapi32.lib shell32.lib ole32.lib oleaut32.lib uuid.lib odbc32.lib odbccp32.lib /MANIFEST /MANIFESTUAC:"level='asInvoker' uiAccess='false'" /manifest:embed /DEBUG /PDB:"D:\study(3sem)\KPO\lab\lab_15\SE_lab15\x64\Debug\SE_lab15.pdb" /SUBSYSTEM:CONSOLE /TLBID:1 /DYNAMICBASE /NXCOMPAT /IMPLIB:"D:\study(3sem)\KPO\lab\lab_15\SE_lab15\x64\Debug\SE_lab15.lib" /MACHINE:X64 x64\Debug\Error.obj
         x64\Debug\In.obj
         x64\Debug\Log.obj
         x64\Debug\Out.obj
         x64\Debug\Parm.obj
         x64\Debug\SE_lab15.obj
         x64\Debug\stdafx.obj
         SE_lab15.vcxproj -> D:\study(3sem)\KPO\lab\lab_15\SE_lab15\x64\Debug\SE_lab15.exe
       FinalizeBuildStatus:
         Файл "x64\Debug\SE_lab15.tlog\unsuccessfulbuild" удаляется.
         Обращение к "x64\Debug\SE_lab15.tlog\SE_lab15.lastbuildstate".
     1>Сборка проекта "D:\study(3sem)\KPO\lab\lab_15\SE_lab15\SE_lab15\SE_lab15.vcxproj" завершена (целевые объекты Build).

Сборка успешно завершена.
    Предупреждений: 0
    Ошибок: 0

Прошло времени 00:00:03.88
