Сборка начата 02.10.2024 18:42:37.
Уровень детализации журнала: Normal.     1>Проект "D:\study(3sem)\KPO\lab\lab_16\SE_Lab16\SE_Lab16\SE_Lab16.vcxproj" в узле 2 (целевые объекты Build).
     1>InitializeBuildStatus:
         Создание "Debug\SE_Lab16.tlog\unsuccessfulbuild", так как было задано "AlwaysCreate".
         Обращение к "Debug\SE_Lab16.tlog\unsuccessfulbuild".
       ClCompile:
         C:\Program Files\Microsoft Visual Studio\2022\Community\VC\Tools\MSVC\14.37.32822\bin\HostX86\x86\CL.exe /c /ZI /JMC /nologo /W3 /WX- /diagnostics:column /sdl /Od /Oy- /D WIN32 /D _DEBUG /D _CONSOLE /D _UNICODE /D UNICODE /Gm- /EHsc /RTC1 /MDd /GS /fp:precise /Zc:wchar_t /Zc:forScope /Zc:inline /permissive- /Fo"Debug\\" /Fd"Debug\vc143.pdb" /external:W3 /Gd /TP /analyze- /FC /errorReport:prompt FST.cpp SE_Lab16.cpp
         FST.cpp
     1>D:\study(3sem)\KPO\lab\lab_16\SE_Lab16\SE_Lab16\FST.cpp(75,23): warning C4267: инициализация: преобразование из "size_t" в "short"; возможна потеря данных
         SE_Lab16.cpp
         Создание кода...
       Link:
         C:\Program Files\Microsoft Visual Studio\2022\Community\VC\Tools\MSVC\14.37.32822\bin\HostX86\x86\link.exe /ERRORREPORT:PROMPT /OUT:"D:\study(3sem)\KPO\lab\lab_16\SE_Lab16\Debug\SE_Lab16.exe" /INCREMENTAL /ILK:"Debug\SE_Lab16.ilk" /NOLOGO kernel32.lib user32.lib gdi32.lib winspool.lib comdlg32.lib advapi32.lib shell32.lib ole32.lib oleaut32.lib uuid.lib odbc32.lib odbccp32.lib /MANIFEST /MANIFESTUAC:"level='asInvoker' uiAccess='false'" /manifest:embed /DEBUG /PDB:"D:\study(3sem)\KPO\lab\lab_16\SE_Lab16\Debug\SE_Lab16.pdb" /SUBSYSTEM:CONSOLE /TLBID:1 /DYNAMICBASE /NXCOMPAT /IMPLIB:"D:\study(3sem)\KPO\lab\lab_16\SE_Lab16\Debug\SE_Lab16.lib" /MACHINE:X86 Debug\FST.obj
         Debug\SE_Lab16.obj
         SE_Lab16.vcxproj -> D:\study(3sem)\KPO\lab\lab_16\SE_Lab16\Debug\SE_Lab16.exe
       FinalizeBuildStatus:
         Файл "Debug\SE_Lab16.tlog\unsuccessfulbuild" удаляется.
         Обращение к "Debug\SE_Lab16.tlog\SE_Lab16.lastbuildstate".
     1>Сборка проекта "D:\study(3sem)\KPO\lab\lab_16\SE_Lab16\SE_Lab16\SE_Lab16.vcxproj" завершена (целевые объекты Build).

Сборка успешно завершена.

       "D:\study(3sem)\KPO\lab\lab_16\SE_Lab16\SE_Lab16\SE_Lab16.vcxproj" (целевой объект Build ) (1) ->
       (Целевой объект ClCompile) -> 
         D:\study(3sem)\KPO\lab\lab_16\SE_Lab16\SE_Lab16\FST.cpp(75,23): warning C4267: инициализация: преобразование из "size_t" в "short"; возможна потеря данных

    Предупреждений: 1
    Ошибок: 0

Прошло времени 00:00:01.80
