Сборка начата 26.02.2025 10:52:22.
Уровень детализации журнала: Normal.     1>Проект "D:\curs_2\study_4_sem\МП\lab\lab_1\lab_1\lab_1.vcxproj" в узле 2 (целевые объекты Build).
     1>InitializeBuildStatus:
         Создание "Debug\lab_1.tlog\unsuccessfulbuild", так как было задано "AlwaysCreate".
         Обращение к "Debug\lab_1.tlog\unsuccessfulbuild".
       ClCompile:
         C:\Program Files\Microsoft Visual Studio\2022\Community\VC\Tools\MSVC\14.37.32822\bin\HostX86\x86\CL.exe /c /ZI /JMC /nologo /W3 /WX- /diagnostics:column /sdl /Od /Oy- /D WIN32 /D _DEBUG /D _CONSOLE /D _UNICODE /D UNICODE /Gm- /EHsc /RTC1 /MDd /GS /fp:precise /Zc:wchar_t /Zc:forScope /Zc:inline /permissive- /Fo"Debug\\" /Fd"Debug\vc143.pdb" /external:W3 /Gd /TP /analyze- /FC /errorReport:prompt factor.cpp main.cpp
         factor.cpp
         main.cpp
         Создание кода...
       Link:
         C:\Program Files\Microsoft Visual Studio\2022\Community\VC\Tools\MSVC\14.37.32822\bin\HostX86\x86\link.exe /ERRORREPORT:PROMPT /OUT:"D:\curs_2\study_4_sem\МП\lab\lab_1\Debug\lab_1.exe" /INCREMENTAL /ILK:"Debug\lab_1.ilk" /NOLOGO kernel32.lib user32.lib gdi32.lib winspool.lib comdlg32.lib advapi32.lib shell32.lib ole32.lib oleaut32.lib uuid.lib odbc32.lib odbccp32.lib /MANIFEST /MANIFESTUAC:"level='asInvoker' uiAccess='false'" /manifest:embed /DEBUG /PDB:"D:\curs_2\study_4_sem\МП\lab\lab_1\Debug\lab_1.pdb" /SUBSYSTEM:CONSOLE /TLBID:1 /DYNAMICBASE /NXCOMPAT /IMPLIB:"D:\curs_2\study_4_sem\МП\lab\lab_1\Debug\lab_1.lib" /MACHINE:X86 Debug\Auxil.obj
         Debug\factor.obj
         Debug\main.obj
         lab_1.vcxproj -> D:\curs_2\study_4_sem\МП\lab\lab_1\Debug\lab_1.exe
       FinalizeBuildStatus:
         Файл "Debug\lab_1.tlog\unsuccessfulbuild" удаляется.
         Обращение к "Debug\lab_1.tlog\lab_1.lastbuildstate".
     1>Сборка проекта "D:\curs_2\study_4_sem\МП\lab\lab_1\lab_1\lab_1.vcxproj" завершена (целевые объекты Build).

Сборка успешно завершена.
    Предупреждений: 0
    Ошибок: 0

Прошло времени 00:00:03.00
