Сборка начата 31.10.2024 14:43:41.
Уровень детализации журнала: Normal.     1>Проект "D:\study(3sem)\AiCD\lab\lab_6\lab_6\lab_6.vcxproj" в узле 2 (целевые объекты Build).
     1>InitializeBuildStatus:
         Создание "x64\Debug\lab_6.tlog\unsuccessfulbuild", так как было задано "AlwaysCreate".
         Обращение к "x64\Debug\lab_6.tlog\unsuccessfulbuild".
       ClCompile:
         C:\Program Files\Microsoft Visual Studio\2022\Community\VC\Tools\MSVC\14.37.32822\bin\HostX64\x64\CL.exe /c /ZI /JMC /nologo /W3 /WX- /diagnostics:column /sdl /Od /D _DEBUG /D _CONSOLE /D _UNICODE /D UNICODE /Gm- /EHsc /RTC1 /MDd /GS /fp:precise /Zc:wchar_t /Zc:forScope /Zc:inline /permissive- /Fo"x64\Debug\\" /Fd"x64\Debug\vc143.pdb" /external:W3 /Gd /TP /FC /errorReport:prompt lab_6.cpp
         lab_6.cpp
     1>D:\study(3sem)\AiCD\lab\lab_6\lab_6\lab_6.cpp(70,14): warning C4267: инициализация: преобразование из "size_t" в "int"; возможна потеря данных
     1>D:\study(3sem)\AiCD\lab\lab_6\lab_6\lab_6.cpp(93,22): warning C4267: инициализация: преобразование из "size_t" в "int"; возможна потеря данных
     1>D:\study(3sem)\AiCD\lab\lab_6\lab_6\lab_6.cpp(103,22): warning C4267: инициализация: преобразование из "size_t" в "int"; возможна потеря данных
       Link:
         C:\Program Files\Microsoft Visual Studio\2022\Community\VC\Tools\MSVC\14.37.32822\bin\HostX64\x64\link.exe /ERRORREPORT:PROMPT /OUT:"D:\study(3sem)\AiCD\lab\lab_6\x64\Debug\lab_6.exe" /INCREMENTAL /ILK:"x64\Debug\lab_6.ilk" /NOLOGO kernel32.lib user32.lib gdi32.lib winspool.lib comdlg32.lib advapi32.lib shell32.lib ole32.lib oleaut32.lib uuid.lib odbc32.lib odbccp32.lib /MANIFEST /MANIFESTUAC:"level='asInvoker' uiAccess='false'" /manifest:embed /DEBUG /PDB:"D:\study(3sem)\AiCD\lab\lab_6\x64\Debug\lab_6.pdb" /SUBSYSTEM:CONSOLE /TLBID:1 /DYNAMICBASE /NXCOMPAT /IMPLIB:"D:\study(3sem)\AiCD\lab\lab_6\x64\Debug\lab_6.lib" /MACHINE:X64 x64\Debug\lab_6.obj
         lab_6.vcxproj -> D:\study(3sem)\AiCD\lab\lab_6\x64\Debug\lab_6.exe
       FinalizeBuildStatus:
         Файл "x64\Debug\lab_6.tlog\unsuccessfulbuild" удаляется.
         Обращение к "x64\Debug\lab_6.tlog\lab_6.lastbuildstate".
     1>Сборка проекта "D:\study(3sem)\AiCD\lab\lab_6\lab_6\lab_6.vcxproj" завершена (целевые объекты Build).

Сборка успешно завершена.

       "D:\study(3sem)\AiCD\lab\lab_6\lab_6\lab_6.vcxproj" (целевой объект Build ) (1) ->
       (Целевой объект ClCompile) -> 
         D:\study(3sem)\AiCD\lab\lab_6\lab_6\lab_6.cpp(70,14): warning C4267: инициализация: преобразование из "size_t" в "int"; возможна потеря данных
         D:\study(3sem)\AiCD\lab\lab_6\lab_6\lab_6.cpp(93,22): warning C4267: инициализация: преобразование из "size_t" в "int"; возможна потеря данных
         D:\study(3sem)\AiCD\lab\lab_6\lab_6\lab_6.cpp(103,22): warning C4267: инициализация: преобразование из "size_t" в "int"; возможна потеря данных

    Предупреждений: 3
    Ошибок: 0

Прошло времени 00:00:01.32
