Сборка начата 05.12.2024 11:29:28.
Уровень детализации журнала: Normal.     1>Проект "D:\study(3sem)\KPO\lab\lab_18\SE_Lab18\SE_Lab18\SE_Lab18.vcxproj" в узле 2 (целевые объекты Build).
     1>InitializeBuildStatus:
         Создание "Debug\SE_Lab18.tlog\unsuccessfulbuild", так как было задано "AlwaysCreate".
         Обращение к "Debug\SE_Lab18.tlog\unsuccessfulbuild".
       ClCompile:
         C:\Program Files\Microsoft Visual Studio\2022\Community\VC\Tools\MSVC\14.37.32822\bin\HostX86\x86\CL.exe /c /ZI /JMC /nologo /W3 /WX- /diagnostics:column /sdl /Od /Oy- /D WIN32 /D _DEBUG /D _CONSOLE /D _UNICODE /D UNICODE /Gm- /EHsc /RTC1 /MDd /GS /fp:precise /Zc:wchar_t /Zc:forScope /Zc:inline /permissive- /Fo"Debug\\" /Fd"Debug\vc143.pdb" /external:W3 /Gd /TP /analyze- /FC /errorReport:prompt GRB.cpp
         GRB.cpp
       Link:
         C:\Program Files\Microsoft Visual Studio\2022\Community\VC\Tools\MSVC\14.37.32822\bin\HostX86\x86\link.exe /ERRORREPORT:PROMPT /OUT:"D:\study(3sem)\KPO\lab\lab_18\SE_Lab18\Debug\SE_Lab18.exe" /INCREMENTAL /ILK:"Debug\SE_Lab18.ilk" /NOLOGO kernel32.lib user32.lib gdi32.lib winspool.lib comdlg32.lib advapi32.lib shell32.lib ole32.lib oleaut32.lib uuid.lib odbc32.lib odbccp32.lib /MANIFEST /MANIFESTUAC:"level='asInvoker' uiAccess='false'" /manifest:embed /DEBUG /PDB:"D:\study(3sem)\KPO\lab\lab_18\SE_Lab18\Debug\SE_Lab18.pdb" /SUBSYSTEM:CONSOLE /TLBID:1 /DYNAMICBASE /NXCOMPAT /IMPLIB:"D:\study(3sem)\KPO\lab\lab_18\SE_Lab18\Debug\SE_Lab18.lib" /MACHINE:X86 Debug\Error.obj
         Debug\FST.obj
         Debug\GRB.obj
         Debug\In.obj
         Debug\IT.obj
         Debug\LexemaAnalysis.obj
         Debug\Log.obj
         Debug\LT.obj
         Debug\MFST.obj
         Debug\Out.obj
         Debug\Parm.obj
         Debug\SE_Lab18.obj
         SE_Lab18.vcxproj -> D:\study(3sem)\KPO\lab\lab_18\SE_Lab18\Debug\SE_Lab18.exe
       FinalizeBuildStatus:
         Файл "Debug\SE_Lab18.tlog\unsuccessfulbuild" удаляется.
         Обращение к "Debug\SE_Lab18.tlog\SE_Lab18.lastbuildstate".
     1>Сборка проекта "D:\study(3sem)\KPO\lab\lab_18\SE_Lab18\SE_Lab18\SE_Lab18.vcxproj" завершена (целевые объекты Build).

Сборка успешно завершена.
    Предупреждений: 0
    Ошибок: 0

Прошло времени 00:00:01.36
