Сборка начата 03.11.2024 17:59:24.
Уровень детализации журнала: Normal.     1>Проект "D:\study(3sem)\AiCD\lab\lab_7\lab_7\lab_7.vcxproj" в узле 2 (целевые объекты Build).
     1>InitializeBuildStatus:
         Создание "x64\Debug\lab_7.tlog\unsuccessfulbuild", так как было задано "AlwaysCreate".
         Обращение к "x64\Debug\lab_7.tlog\unsuccessfulbuild".
       ClCompile:
         C:\Program Files\Microsoft Visual Studio\2022\Community\VC\Tools\MSVC\14.37.32822\bin\HostX64\x64\CL.exe /c /ZI /JMC /nologo /W3 /WX- /diagnostics:column /sdl /Od /D _DEBUG /D _CONSOLE /D _UNICODE /D UNICODE /Gm- /EHsc /RTC1 /MDd /GS /fp:precise /Zc:wchar_t /Zc:forScope /Zc:inline /permissive- /Fo"x64\Debug\\" /Fd"x64\Debug\vc143.pdb" /external:W3 /Gd /TP /FC /errorReport:prompt lab_7.cpp
         lab_7.cpp
     1>D:\study(3sem)\AiCD\lab\lab_7\lab_7\lab_7.cpp(43,16): warning C4267: инициализация: преобразование из "size_t" в "int"; возможна потеря данных
       Link:
         C:\Program Files\Microsoft Visual Studio\2022\Community\VC\Tools\MSVC\14.37.32822\bin\HostX64\x64\link.exe /ERRORREPORT:PROMPT /OUT:"D:\study(3sem)\AiCD\lab\lab_7\x64\Debug\lab_7.exe" /INCREMENTAL /ILK:"x64\Debug\lab_7.ilk" /NOLOGO kernel32.lib user32.lib gdi32.lib winspool.lib comdlg32.lib advapi32.lib shell32.lib ole32.lib oleaut32.lib uuid.lib odbc32.lib odbccp32.lib /MANIFEST /MANIFESTUAC:"level='asInvoker' uiAccess='false'" /manifest:embed /DEBUG /PDB:"D:\study(3sem)\AiCD\lab\lab_7\x64\Debug\lab_7.pdb" /SUBSYSTEM:CONSOLE /TLBID:1 /DYNAMICBASE /NXCOMPAT /IMPLIB:"D:\study(3sem)\AiCD\lab\lab_7\x64\Debug\lab_7.lib" /MACHINE:X64 x64\Debug\lab_7.obj
         lab_7.vcxproj -> D:\study(3sem)\AiCD\lab\lab_7\x64\Debug\lab_7.exe
       FinalizeBuildStatus:
         Файл "x64\Debug\lab_7.tlog\unsuccessfulbuild" удаляется.
         Обращение к "x64\Debug\lab_7.tlog\lab_7.lastbuildstate".
     1>Сборка проекта "D:\study(3sem)\AiCD\lab\lab_7\lab_7\lab_7.vcxproj" завершена (целевые объекты Build).

Сборка успешно завершена.

       "D:\study(3sem)\AiCD\lab\lab_7\lab_7\lab_7.vcxproj" (целевой объект Build ) (1) ->
       (Целевой объект ClCompile) -> 
         D:\study(3sem)\AiCD\lab\lab_7\lab_7\lab_7.cpp(43,16): warning C4267: инициализация: преобразование из "size_t" в "int"; возможна потеря данных

    Предупреждений: 1
    Ошибок: 0

Прошло времени 00:00:00.93
