Microsoft (R) Macro Assembler Version 14.37.32822.0	    12/24/24 17:15:49
asmFile.asm						     Page 1 - 1


				.586
				.MODEL FLAT, STDCALL
				includelib kernel32.lib
				ExitProcess PROTO : DWORD
				.STACK 4096

 00000000			.CONST

 00000000			.DATA

 00000000 00000009		INT0	DWORD	9
 00000004 6B 6B 6B 00		STR1	DB	"kkk",0

 00000000			.CODE
 00000000			main PROC
 00000000			START :
 00000000  6A FF		push - 1
 00000002  E8 00000000 E	call ExitProcess
 00000007			main ENDP
				end main
Microsoft (R) Macro Assembler Version 14.37.32822.0	    12/24/24 17:15:49
asmFile.asm						     Symbols 2 - 1




Segments and Groups:

                N a m e                 Size     Length   Align   Combine Class

CONST  . . . . . . . . . . . . .	32 Bit	 00000000 Para	  Public  'CONST'	 ReadOnly
FLAT . . . . . . . . . . . . . .	GROUP
STACK  . . . . . . . . . . . . .	32 Bit	 00001000 Para	  Stack	  'STACK'	 
_DATA  . . . . . . . . . . . . .	32 Bit	 00000008 Para	  Public  'DATA'	
_TEXT  . . . . . . . . . . . . .	32 Bit	 00000007 Para	  Public  'CODE'	


Procedures, parameters, and locals:

                N a m e                 Type     Value    Attr

ExitProcess  . . . . . . . . . .	P Near	 00000000 FLAT	Length= 00000000 External STDCALL
main . . . . . . . . . . . . . .	P Near	 00000000 _TEXT	Length= 00000007 Public STDCALL
  START  . . . . . . . . . . . .	L Near	 00000000 _TEXT	


Symbols:

                N a m e                 Type     Value    Attr

@CodeSize  . . . . . . . . . . .	Number	 00000000h   
@DataSize  . . . . . . . . . . .	Number	 00000000h   
@Interface . . . . . . . . . . .	Number	 00000003h   
@Model . . . . . . . . . . . . .	Number	 00000007h   
@code  . . . . . . . . . . . . .	Text   	 _TEXT
@data  . . . . . . . . . . . . .	Text   	 FLAT
@fardata?  . . . . . . . . . . .	Text   	 FLAT
@fardata . . . . . . . . . . . .	Text   	 FLAT
@stack . . . . . . . . . . . . .	Text   	 FLAT
INT0 . . . . . . . . . . . . . .	DWord	 00000000 _DATA	
STR1 . . . . . . . . . . . . . .	Byte	 00000004 _DATA	

	   0 Warnings
	   0 Errors
