Сборка начата 24.12.2024 17:15:48.
Уровень детализации журнала: Normal.     1>Проект "D:\course_2\study(3sem)\KPO\lab\lab42_asm\lab4_asm\lab4_asm\lab4_asm.vcxproj" в узле 2 (целевые объекты Build).
     1>InitializeBuildStatus:
         Создание "Debug\lab4_asm.tlog\unsuccessfulbuild", так как было задано "AlwaysCreate".
         Обращение к "Debug\lab4_asm.tlog\unsuccessfulbuild".
       _MASM:
         Assembling asmFile.asm...
         cmd.exe /C "C:\Users\Dashka Poop\AppData\Local\Temp\tmpae864e3d8846458b8c0cf37d2902fab3.cmd"
         ml.exe /c /nologo /Zi /Fo"Debug\asmFile.obj" /Fl"Debug\\" /W3 /errorReport:prompt  /TaasmFile.asm
       Link:
         C:\Program Files\Microsoft Visual Studio\2022\Community\VC\Tools\MSVC\14.37.32822\bin\HostX86\x86\link.exe /ERRORREPORT:PROMPT /OUT:"D:\course_2\study(3sem)\KPO\lab\lab42_asm\lab4_asm\Debug\lab4_asm.exe" /INCREMENTAL /ILK:"Debug\lab4_asm.ilk" /NOLOGO kernel32.lib user32.lib gdi32.lib winspool.lib comdlg32.lib advapi32.lib shell32.lib ole32.lib oleaut32.lib uuid.lib odbc32.lib odbccp32.lib /MANIFEST /MANIFESTUAC:"level='asInvoker' uiAccess='false'" /manifest:embed /DEBUG /PDB:"D:\course_2\study(3sem)\KPO\lab\lab42_asm\lab4_asm\Debug\lab4_asm.pdb" /SUBSYSTEM:WINDOWS /TLBID:1 /DYNAMICBASE /NXCOMPAT /IMPLIB:"D:\course_2\study(3sem)\KPO\lab\lab42_asm\lab4_asm\Debug\lab4_asm.lib" /MACHINE:X86 Debug\asmFile.obj
         lab4_asm.vcxproj -> D:\course_2\study(3sem)\KPO\lab\lab42_asm\lab4_asm\Debug\lab4_asm.exe
       FinalizeBuildStatus:
         Файл "Debug\lab4_asm.tlog\unsuccessfulbuild" удаляется.
         Обращение к "Debug\lab4_asm.tlog\lab4_asm.lastbuildstate".
     1>Сборка проекта "D:\course_2\study(3sem)\KPO\lab\lab42_asm\lab4_asm\lab4_asm\lab4_asm.vcxproj" завершена (целевые объекты Build).

Сборка успешно завершена.
    Предупреждений: 0
    Ошибок: 0

Прошло времени 00:00:00.81
