Сборка начата 30.12.2024 14:15:47.
Уровень детализации журнала: Normal.     1>Проект "D:\course_2\study(3sem)\KPO\lab\asm_4\lab4_asm\Serealizer\Serealizer.vcxproj" в узле 2 (целевые объекты Build).
     1>InitializeBuildStatus:
         Создание "Debug\Serealizer.tlog\unsuccessfulbuild", так как было задано "AlwaysCreate".
         Обращение к "Debug\Serealizer.tlog\unsuccessfulbuild".
       ClCompile:
         C:\Program Files\Microsoft Visual Studio\2022\Community\VC\Tools\MSVC\14.37.32822\bin\HostX86\x86\CL.exe /c /ZI /JMC /nologo /W3 /WX- /diagnostics:column /sdl /Od /Oy- /D WIN32 /D _DEBUG /D _CONSOLE /D _UNICODE /D UNICODE /Gm- /EHsc /RTC1 /MDd /GS /fp:precise /Zc:wchar_t /Zc:forScope /Zc:inline /permissive- /Fo"Debug\\" /Fd"Debug\vc143.pdb" /external:W3 /Gd /TP /analyze- /FC /errorReport:prompt main.cpp
         main.cpp
     1>D:\course_2\study(3sem)\KPO\lab\asm_4\lab4_asm\Serealizer\Serealizer.h(7,2): warning C4091: static : пропускается слева от "Serealizer", когда ни одна переменная не объявлена
     1>D:\course_2\study(3sem)\KPO\lab\asm_4\lab4_asm\Serealizer\main.cpp(7,1): warning C4326: возвращаемый тип "main" должен быть "int", а не "void"
       Link:
         C:\Program Files\Microsoft Visual Studio\2022\Community\VC\Tools\MSVC\14.37.32822\bin\HostX86\x86\link.exe /ERRORREPORT:PROMPT /OUT:"D:\course_2\study(3sem)\KPO\lab\asm_4\lab4_asm\Debug\Serealizer.exe" /INCREMENTAL /ILK:"Debug\Serealizer.ilk" /NOLOGO kernel32.lib user32.lib gdi32.lib winspool.lib comdlg32.lib advapi32.lib shell32.lib ole32.lib oleaut32.lib uuid.lib odbc32.lib odbccp32.lib /MANIFEST /MANIFESTUAC:"level='asInvoker' uiAccess='false'" /manifest:embed /DEBUG /PDB:"D:\course_2\study(3sem)\KPO\lab\asm_4\lab4_asm\Debug\Serealizer.pdb" /SUBSYSTEM:CONSOLE /TLBID:1 /DYNAMICBASE /NXCOMPAT /IMPLIB:"D:\course_2\study(3sem)\KPO\lab\asm_4\lab4_asm\Debug\Serealizer.lib" /MACHINE:X86 Debug\main.obj
         Debug\Searealizer.obj
         Serealizer.vcxproj -> D:\course_2\study(3sem)\KPO\lab\asm_4\lab4_asm\Debug\Serealizer.exe
       FinalizeBuildStatus:
         Файл "Debug\Serealizer.tlog\unsuccessfulbuild" удаляется.
         Обращение к "Debug\Serealizer.tlog\Serealizer.lastbuildstate".
     1>Сборка проекта "D:\course_2\study(3sem)\KPO\lab\asm_4\lab4_asm\Serealizer\Serealizer.vcxproj" завершена (целевые объекты Build).

Сборка успешно завершена.

       "D:\course_2\study(3sem)\KPO\lab\asm_4\lab4_asm\Serealizer\Serealizer.vcxproj" (целевой объект Build ) (1) ->
       (Целевой объект ClCompile) -> 
         D:\course_2\study(3sem)\KPO\lab\asm_4\lab4_asm\Serealizer\Serealizer.h(7,2): warning C4091: static : пропускается слева от "Serealizer", когда ни одна переменная не объявлена
         D:\course_2\study(3sem)\KPO\lab\asm_4\lab4_asm\Serealizer\main.cpp(7,1): warning C4326: возвращаемый тип "main" должен быть "int", а не "void"

    Предупреждений: 2
    Ошибок: 0

Прошло времени 00:00:01.63
