Сборка начата 11.12.2024 19:13:10.
Уровень детализации журнала: Normal.     1>Проект "D:\study(3sem)\KPO\lab\asm_2\SE_Asm02\SE_Asm02\SE_Asm02.vcxproj" в узле 2 (целевые объекты Build).
     1>InitializeBuildStatus:
         Создание "Debug\SE_Asm02.tlog\unsuccessfulbuild", так как было задано "AlwaysCreate".
         Обращение к "Debug\SE_Asm02.tlog\unsuccessfulbuild".
       _MASM:
         Assembling asm02.asm...
         cmd.exe /C "C:\Users\Dashka Poop\AppData\Local\Temp\tmpd1dce4b7174143f7b1726737a850c4a9.cmd"
         ml.exe /c /nologo /Zi /Fo"Debug\asm02.obj" /Fl"Debug\\" /W3 /errorReport:prompt  /Taasm02.asm
       Link:
         C:\Program Files\Microsoft Visual Studio\2022\Community\VC\Tools\MSVC\14.37.32822\bin\HostX86\x86\link.exe /ERRORREPORT:PROMPT /OUT:"D:\study(3sem)\KPO\lab\asm_2\SE_Asm02\Debug\SE_Asm02.exe" /INCREMENTAL /ILK:"Debug\SE_Asm02.ilk" /NOLOGO kernel32.lib user32.lib gdi32.lib winspool.lib comdlg32.lib advapi32.lib shell32.lib ole32.lib oleaut32.lib uuid.lib odbc32.lib odbccp32.lib /MANIFEST /MANIFESTUAC:"level='asInvoker' uiAccess='false'" /manifest:embed /DEBUG /PDB:"D:\study(3sem)\KPO\lab\asm_2\SE_Asm02\Debug\SE_Asm02.pdb" /SUBSYSTEM:WINDOWS /TLBID:1 /DYNAMICBASE /NXCOMPAT /IMPLIB:"D:\study(3sem)\KPO\lab\asm_2\SE_Asm02\Debug\SE_Asm02.lib" /MACHINE:X86 Debug\asm02.obj
         SE_Asm02.vcxproj -> D:\study(3sem)\KPO\lab\asm_2\SE_Asm02\Debug\SE_Asm02.exe
       FinalizeBuildStatus:
         Файл "Debug\SE_Asm02.tlog\unsuccessfulbuild" удаляется.
         Обращение к "Debug\SE_Asm02.tlog\SE_Asm02.lastbuildstate".
     1>Сборка проекта "D:\study(3sem)\KPO\lab\asm_2\SE_Asm02\SE_Asm02\SE_Asm02.vcxproj" завершена (целевые объекты Build).

Сборка успешно завершена.
    Предупреждений: 0
    Ошибок: 0

Прошло времени 00:00:01.66
