Сборка начата 02.01.2025 13:53:07.
Уровень детализации журнала: Normal.     1>Проект "D:\course_2\study(3sem)\KPO\lab\lab_19\SE_asm01\SE_asm01\SE_asm01.vcxproj" в узле 2 (целевые объекты Build).
     1>InitializeBuildStatus:
         Создание "Debug\SE_asm01.tlog\unsuccessfulbuild", так как было задано "AlwaysCreate".
         Обращение к "Debug\SE_asm01.tlog\unsuccessfulbuild".
       _MASM:
         Assembling asm01.asm...
         cmd.exe /C "C:\Users\Dashka Poop\AppData\Local\Temp\tmp975307784b9e4910aca6eff017d49b3c.cmd"
         ml.exe /c /nologo /Zi /Fo"Debug\asm01.obj" /Fl"Debug\\" /W3 /errorReport:prompt  /Taasm01.asm
     1>asm01.asm(39): warning A6001: no return from procedure
       Link:
         C:\Program Files\Microsoft Visual Studio\2022\Community\VC\Tools\MSVC\14.37.32822\bin\HostX86\x86\link.exe /ERRORREPORT:PROMPT /OUT:"D:\course_2\study(3sem)\KPO\lab\lab_19\SE_asm01\Debug\SE_asm01.exe" /INCREMENTAL /ILK:"Debug\SE_asm01.ilk" /NOLOGO kernel32.lib user32.lib gdi32.lib winspool.lib comdlg32.lib advapi32.lib shell32.lib ole32.lib oleaut32.lib uuid.lib odbc32.lib odbccp32.lib /MANIFEST /MANIFESTUAC:"level='asInvoker' uiAccess='false'" /manifest:embed /DEBUG /PDB:"D:\course_2\study(3sem)\KPO\lab\lab_19\SE_asm01\Debug\SE_asm01.pdb" /SUBSYSTEM:CONSOLE /TLBID:1 /DYNAMICBASE /NXCOMPAT /IMPLIB:"D:\course_2\study(3sem)\KPO\lab\lab_19\SE_asm01\Debug\SE_asm01.lib" /MACHINE:X86 Debug\asm01.obj
         SE_asm01.vcxproj -> D:\course_2\study(3sem)\KPO\lab\lab_19\SE_asm01\Debug\SE_asm01.exe
       FinalizeBuildStatus:
         Файл "Debug\SE_asm01.tlog\unsuccessfulbuild" удаляется.
         Обращение к "Debug\SE_asm01.tlog\SE_asm01.lastbuildstate".
     1>Сборка проекта "D:\course_2\study(3sem)\KPO\lab\lab_19\SE_asm01\SE_asm01\SE_asm01.vcxproj" завершена (целевые объекты Build).

Сборка успешно завершена.

       "D:\course_2\study(3sem)\KPO\lab\lab_19\SE_asm01\SE_asm01\SE_asm01.vcxproj" (целевой объект Build ) (1) ->
       (Целевой объект _MASM) -> 
         asm01.asm(39): warning A6001: no return from procedure

    Предупреждений: 1
    Ошибок: 0

Прошло времени 00:00:00.54
