Сборка начата 26.02.2025 11:14:16.
Уровень детализации журнала: Normal.     1>Проект "D:\curs_2\study_4_sem\МП\lab\lab_2\task4\task4.vcxproj" в узле 2 (целевые объекты Build).
     1>PrepareForBuild:
         Создание каталога "x64\Debug\task4.tlog\".
       InitializeBuildStatus:
         Создание "x64\Debug\task4.tlog\unsuccessfulbuild", так как было задано "AlwaysCreate".
         Обращение к "x64\Debug\task4.tlog\unsuccessfulbuild".
       ClCompile:
         C:\Program Files\Microsoft Visual Studio\2022\Community\VC\Tools\MSVC\14.37.32822\bin\HostX64\x64\CL.exe /c /ZI /JMC /nologo /W3 /WX- /diagnostics:column /sdl /Od /D _DEBUG /D _CONSOLE /D _UNICODE /D UNICODE /Gm- /EHsc /RTC1 /MDd /GS /fp:precise /Zc:wchar_t /Zc:forScope /Zc:inline /permissive- /Fo"x64\Debug\\" /Fd"x64\Debug\vc143.pdb" /external:W3 /Gd /TP /FC /errorReport:prompt Combi.cpp main.cpp
         Combi.cpp
         main.cpp
         Создание кода...
       Link:
         C:\Program Files\Microsoft Visual Studio\2022\Community\VC\Tools\MSVC\14.37.32822\bin\HostX64\x64\link.exe /ERRORREPORT:PROMPT /OUT:"D:\curs_2\study_4_sem\МП\lab\lab_2\x64\Debug\task4.exe" /INCREMENTAL /ILK:"x64\Debug\task4.ilk" /NOLOGO kernel32.lib user32.lib gdi32.lib winspool.lib comdlg32.lib advapi32.lib shell32.lib ole32.lib oleaut32.lib uuid.lib odbc32.lib odbccp32.lib /MANIFEST /MANIFESTUAC:"level='asInvoker' uiAccess='false'" /manifest:embed /DEBUG /PDB:"D:\curs_2\study_4_sem\МП\lab\lab_2\x64\Debug\task4.pdb" /SUBSYSTEM:CONSOLE /TLBID:1 /DYNAMICBASE /NXCOMPAT /IMPLIB:"D:\curs_2\study_4_sem\МП\lab\lab_2\x64\Debug\task4.lib" /MACHINE:X64 x64\Debug\Combi.obj
         x64\Debug\main.obj
         task4.vcxproj -> D:\curs_2\study_4_sem\МП\lab\lab_2\x64\Debug\task4.exe
       FinalizeBuildStatus:
         Файл "x64\Debug\task4.tlog\unsuccessfulbuild" удаляется.
         Обращение к "x64\Debug\task4.tlog\task4.lastbuildstate".
     1>Сборка проекта "D:\curs_2\study_4_sem\МП\lab\lab_2\task4\task4.vcxproj" завершена (целевые объекты Build).

Сборка успешно завершена.
    Предупреждений: 0
    Ошибок: 0

Прошло времени 00:00:01.75
